<?xml version="1.0" encoding="UTF-8"?>
<!-- Generated by org.testng.reporters.JUnitReportReporter -->
<testsuite skipped="1" hostname="Lenovo" name="testngSample.AirCanada" tests="2" failures="0" timestamp="25 Apr 2020 13:39:43 GMT" time="35.118" errors="0">
  <testcase name="air" time="35.118" classname="testngSample.AirCanada"/>
  <testcase name="maximise" classname="testngSample.AirCanada">
    <skipped/>
  </testcase> <!-- maximise -->
</testsuite> <!-- testngSample.AirCanada -->
