<?xml version="1.0" encoding="UTF-8"?>
<!-- Generated by org.testng.reporters.JUnitReportReporter -->
<testsuite skipped="0" hostname="Lenovo" name="testngSample.ExampleTest" tests="2" failures="0" timestamp="19 Apr 2020 11:35:01 GMT" time="38.249" errors="0">
  <testcase name="facebooktest" time="19.719" classname="testngSample.ExampleTest"/>
  <testcase name="browserOpen" time="18.530" classname="testngSample.ExampleTest"/>
</testsuite> <!-- testngSample.ExampleTest -->
