<?xml version="1.0" encoding="UTF-8"?>
<!-- Generated by org.testng.reporters.JUnitReportReporter -->
<testsuite skipped="0" hostname="Lenovo" name="testngSample.ExampleOne" tests="2" failures="0" timestamp="16 Apr 2020 15:29:48 GMT" time="30.961" errors="0">
  <testcase name="flipkart" time="23.494" classname="testngSample.ExampleOne"/>
  <testcase name="browserConfig" time="7.467" classname="testngSample.ExampleOne"/>
</testsuite> <!-- testngSample.ExampleOne -->
