<?xml version="1.0" encoding="UTF-8"?>
<!-- Generated by org.testng.reporters.JUnitReportReporter -->
<testsuite skipped="0" hostname="Lenovo" name="testngSample.flipkartTest" tests="3" failures="0" timestamp="16 Apr 2020 15:24:36 GMT" time="12.206" errors="0">
  <testcase name="maximise" time="1.265" classname="testngSample.flipkartTest"/>
  <testcase name="flip" time="9.956" classname="testngSample.flipkartTest"/>
  <testcase name="searchBox" time="0.985" classname="testngSample.flipkartTest"/>
</testsuite> <!-- testngSample.flipkartTest -->
